0 info it worked if it ends with ok
1 verbose cli [ 'C:\\Users\\rellis\\Node\\node.exe',
1 verbose cli   'C:\\Users\\rellis\\Node\\node_modules\\npm\\bin\\npm-cli.js',
1 verbose cli   'run',
1 verbose cli   'start' ]
2 info using npm@3.10.10
3 info using node@v6.10.3
4 verbose run-script [ 'prestart', 'start', 'poststart' ]
5 info lifecycle the-love@1.0.0~prestart: the-love@1.0.0
6 silly lifecycle the-love@1.0.0~prestart: no script for prestart, continuing
7 info lifecycle the-love@1.0.0~start: the-love@1.0.0
8 verbose lifecycle the-love@1.0.0~start: unsafe-perm in lifecycle true
9 verbose lifecycle the-love@1.0.0~start: PATH: C:\Users\rellis\Node\node_modules\npm\bin\node-gyp-bin;C:\Users\rellis\ReactJS-TheLove\node_modules\.bin;C:\app\client\product\12.1.0\client_1;C:\app\client\product\12.1.0\client_1\bin;C:\WINDOWS\system32;C:\WINDOWS;C:\WINDOWS\System32\Wbem;C:\WINDOWS\System32\WindowsPowerShell\v1.0\;C:\Program Files (x86)\ATI Technologies\ATI.ACE\Core-Static;C:\Program Files (x86)\Skype\Phone\;C:\Program Files (x86)\Windows Kits\8.1\Windows Performance Toolkit\;C:\Program Files\Microsoft SQL Server\110\Tools\Binn\;C:\Program Files (x86)\Microsoft SDKs\TypeScript\1.0\;C:\Program Files\Microsoft SQL Server\120\Tools\Binn\;C:\Program Files (x86)\Microsoft SQL Server\100\Tools\Binn\;C:\Program Files\Microsoft SQL Server\100\Tools\Binn\;C:\Program Files\Microsoft SQL Server\100\DTS\Binn\;C:\Program Files (x86)\Microsoft SQL Server\100\Tools\Binn\VSShell\Common7\IDE\;C:\Program Files (x86)\Microsoft SQL Server\100\DTS\Binn\;c:\Program Files\Microsoft\Web Platform Installer\;c:\Program Files (x86)\Microsoft ASP.NET\ASP.NET Web Pages\v1.0\;C:\Program Files\Git\cmd;c:\Program Files (x86)\Microsoft SQL Server\110\Tools\Binn\ManagementStudio\;c:\Program Files (x86)\Microsoft SQL Server\110\Tools\Binn\;c:\Program Files (x86)\Microsoft SQL Server\110\DTS\Binn\;C:\Program Files\TortoiseSVN\bin;C:\Program Files (x86)\Microsoft SQL Server Migration Assistant for Oracle\bin\;C:\Oracle;C:\Oracle\instantclient_12_2\vc14;C:\Users\rellis\AppData\Local\Microsoft\WindowsApps;C:\Users\rellis\Node;C:\Users\rellis\Node\node_modules;
10 verbose lifecycle the-love@1.0.0~start: CWD: C:\Users\rellis\ReactJS-TheLove
11 silly lifecycle the-love@1.0.0~start: Args: [ '/d /s /c', 'webpack-dev-server --open' ]
12 verbose stack Error: kill ENOSYS
12 verbose stack     at exports._errnoException (util.js:1018:11)
12 verbose stack     at process.kill (internal/process.js:190:13)
12 verbose stack     at process.listener (C:\Users\rellis\Node\node_modules\npm\node_modules\npmlog\node_modules\gauge\node_modules\signal-exit\index.js:86:15)
12 verbose stack     at emitNone (events.js:91:20)
12 verbose stack     at process.emit (events.js:185:7)
12 verbose stack     at processEmit (C:\Users\rellis\Node\node_modules\npm\node_modules\npmlog\node_modules\gauge\node_modules\signal-exit\index.js:146:32)
12 verbose stack     at processEmit (C:\Users\rellis\Node\node_modules\npm\node_modules\npm-registry-client\node_modules\npmlog\node_modules\gauge\node_modules\signal-exit\index.js:146:32)
12 verbose stack     at Signal.wrap.onsignal (internal/process.js:217:44)
13 verbose cwd C:\Users\rellis\ReactJS-TheLove
14 error Windows_NT 10.0.15063
15 error argv "C:\\Users\\rellis\\Node\\node.exe" "C:\\Users\\rellis\\Node\\node_modules\\npm\\bin\\npm-cli.js" "run" "start"
16 error node v6.10.3
17 error npm  v3.10.10
18 error code ENOSYS
19 error errno ENOSYS
20 error syscall kill
21 error kill ENOSYS
22 error If you need help, you may report this error at:
22 error     <https://github.com/npm/npm/issues>
23 verbose exit [ 1, true ]
